<?xml version="1.0" encoding="UTF-8"?>
<!-- Generated by org.testng.reporters.JUnitReportReporter -->
<testsuite hostname="DESKTOP-02HTNM8" failures="0" tests="3" name="com.telus.registerdemo.RegisterDemoTestNG" time="12.467" errors="0" timestamp="2022-11-22T15:40:58 IST" skipped="1">
  <testcase classname="com.telus.registerdemo.RegisterDemoTestNG" name="registerDemo" time="12.420"/>
  <system-out/>
  <testcase classname="com.telus.registerdemo.RegisterDemoTestNG" name="validateSuccessfulMsg" time="0.047"/>
  <system-out/>
  <testcase classname="com.telus.registerdemo.RegisterDemoTestNG" name="navigateToRegisterDemo">
    <skipped/>
  </testcase> <!-- navigateToRegisterDemo -->
  <system-out/>
</testsuite> <!-- com.telus.registerdemo.RegisterDemoTestNG -->
